17:31:59.408 [INFO] [org.gradle.launcher.daemon.server.Daemon] start() called on daemon - DefaultDaemonContext[uid=d455edeb-892e-407e-bc1f-d815b4952a5d,javaHome=/System/Library/Java/JavaVirtualMachines/1.6.0.jdk/Contents/Home,daemonRegistryDir=/Users/danielherzberg/.gradle/daemon,pid=2279,idleTimeout=120000,daemonOpts=-Xms128m,-Xmx512m,-Dfile.encoding=MacRoman]
17:31:59.415 [DEBUG] [org.gradle.launcher.daemon.server.DaemonStateCoordinator] updating lastActivityAt to 1412461919414
17:31:59.456 [DEBUG] [org.gradle.messaging.remote.internal.inet.InetAddressFactory] Adding IP addresses for network interface ham0
17:31:59.460 [DEBUG] [org.gradle.messaging.remote.internal.inet.InetAddressFactory] Is this a loopback interface? false
17:31:59.461 [DEBUG] [org.gradle.messaging.remote.internal.inet.InetAddressFactory] Adding non-loopback address /2620:9b:0:0:0:0:19c9:d0c6
17:31:59.462 [DEBUG] [org.gradle.messaging.remote.internal.inet.InetAddressFactory] Adding non-loopback address /fe80:0:0:0:7879:19ff:fec9:d0c6%9
17:31:59.463 [DEBUG] [org.gradle.messaging.remote.internal.inet.InetAddressFactory] Adding non-loopback address /25.201.208.198
17:31:59.465 [DEBUG] [org.gradle.messaging.remote.internal.inet.InetAddressFactory] Adding IP addresses for network interface bridge100
17:31:59.466 [DEBUG] [org.gradle.messaging.remote.internal.inet.InetAddressFactory] Is this a loopback interface? false
17:31:59.467 [DEBUG] [org.gradle.messaging.remote.internal.inet.InetAddressFactory] Adding non-loopback address /fe80:0:0:0:c42c:3ff:fe01:f964%8
17:31:59.470 [DEBUG] [org.gradle.messaging.remote.internal.inet.InetAddressFactory] Adding non-loopback address /192.168.2.1
17:31:59.471 [DEBUG] [org.gradle.messaging.remote.internal.inet.InetAddressFactory] Adding IP addresses for network interface en1
17:31:59.472 [DEBUG] [org.gradle.messaging.remote.internal.inet.InetAddressFactory] Is this a loopback interface? false
17:31:59.472 [DEBUG] [org.gradle.messaging.remote.internal.inet.InetAddressFactory] Adding non-loopback address /fe80:0:0:0:6233:4bff:fe0c:5817%5
17:31:59.473 [DEBUG] [org.gradle.messaging.remote.internal.inet.InetAddressFactory] Adding non-loopback address /10.0.8.203
17:31:59.474 [DEBUG] [org.gradle.messaging.remote.internal.inet.InetAddressFactory] Adding IP addresses for network interface lo0
17:31:59.474 [DEBUG] [org.gradle.messaging.remote.internal.inet.InetAddressFactory] Is this a loopback interface? true
17:31:59.476 [DEBUG] [org.gradle.messaging.remote.internal.inet.InetAddressFactory] Ignoring non-loopback address on loopback interface /fe80:0:0:0:0:0:0:1%1
17:31:59.476 [DEBUG] [org.gradle.messaging.remote.internal.inet.InetAddressFactory] Adding loopback address /0:0:0:0:0:0:0:1
17:31:59.477 [DEBUG] [org.gradle.messaging.remote.internal.inet.InetAddressFactory] Adding loopback address /127.0.0.1
17:31:59.484 [DEBUG] [org.gradle.messaging.remote.internal.inet.TcpIncomingConnector] Listening on [a687ecbc-69a2-4ddb-ab1f-ff584f8ce696 port:54890, addresses:[/0:0:0:0:0:0:0:1, /127.0.0.1]].
17:31:59.494 [DEBUG] [org.gradle.launcher.daemon.server.Daemon] Daemon starting at: Sat Oct 04 17:31:59 CDT 2014, with address: [a687ecbc-69a2-4ddb-ab1f-ff584f8ce696 port:54890, addresses:[/0:0:0:0:0:0:0:1, /127.0.0.1]]
17:31:59.497 [INFO] [org.gradle.launcher.daemon.server.DomainRegistryUpdater] Advertising the daemon address to the clients: [a687ecbc-69a2-4ddb-ab1f-ff584f8ce696 port:54890, addresses:[/0:0:0:0:0:0:0:1, /127.0.0.1]]
17:31:59.501 [DEBUG] [org.gradle.launcher.daemon.server.DomainRegistryUpdater] Advertised daemon context: DefaultDaemonContext[uid=d455edeb-892e-407e-bc1f-d815b4952a5d,javaHome=/System/Library/Java/JavaVirtualMachines/1.6.0.jdk/Contents/Home,daemonRegistryDir=/Users/danielherzberg/.gradle/daemon,pid=2279,idleTimeout=120000,daemonOpts=-Xms128m,-Xmx512m,-Dfile.encoding=MacRoman]
17:31:59.507 [DEBUG] [org.gradle.launcher.daemon.registry.PersistentDaemonRegistry] Storing daemon address: [a687ecbc-69a2-4ddb-ab1f-ff584f8ce696 port:54890, addresses:[/0:0:0:0:0:0:0:1, /127.0.0.1]], context: DefaultDaemonContext[uid=d455edeb-892e-407e-bc1f-d815b4952a5d,javaHome=/System/Library/Java/JavaVirtualMachines/1.6.0.jdk/Contents/Home,daemonRegistryDir=/Users/danielherzberg/.gradle/daemon,pid=2279,idleTimeout=120000,daemonOpts=-Xms128m,-Xmx512m,-Dfile.encoding=MacRoman]
17:31:59.539 [DEBUG] [org.gradle.cache.internal.DefaultFileLockManager] Waiting to acquire exclusive lock on daemon addresses registry.
17:31:59.554 [DEBUG] [org.gradle.cache.internal.DefaultFileLockManager] Lock acquired.
17:31:59.556 [DEBUG] [org.gradle.cache.internal.DefaultFileLockManager] Releasing lock on daemon addresses registry.
17:31:59.561 [DEBUG] [org.gradle.cache.internal.DefaultFileLockManager] Waiting to acquire exclusive lock on daemon addresses registry.
17:31:59.563 [DEBUG] [org.gradle.cache.internal.DefaultFileLockManager] Lock acquired.
17:31:59.666 [DEBUG] [org.gradle.cache.internal.DefaultFileLockManager] Releasing lock on daemon addresses registry.
17:31:59.667 [LIFECYCLE] [org.gradle.launcher.daemon.bootstrap.DaemonMain] Daemon server started. Pid: 2279.
17:31:59.668 [DEBUG] [org.gradle.launcher.daemon.bootstrap.DaemonStartupCommunication] Completed writing the daemon greeting. Closing streams...
17:31:59.669 [DEBUG] [org.gradle.launcher.daemon.server.Daemon] requestStopOnIdleTimeout(120000 MILLISECONDS) called on daemon
17:31:59.670 [DEBUG] [org.gradle.launcher.daemon.server.DaemonStateCoordinator] waiting for daemon to stop or be idle for 120000ms
17:31:59.671 [DEBUG] [org.gradle.launcher.daemon.server.DaemonStateCoordinator] Daemon is idle, sleeping until state change or idle timeout at Sat Oct 04 17:33:59 CDT 2014
17:31:59.759 [DEBUG] [org.gradle.messaging.remote.internal.inet.TcpIncomingConnector] Accepted connection from /0:0:0:0:0:0:0:1%0:54891 to /0:0:0:0:0:0:0:1%0:54890.
17:31:59.849 [DEBUG] [org.gradle.launcher.daemon.server.SynchronizedDispatchConnection] thread 16: received class org.gradle.launcher.daemon.protocol.BuildAndStop
17:31:59.850 [DEBUG] [org.gradle.launcher.daemon.server.DefaultDaemonConnection] Received non-IO message from client: BuildAndStop{id=221f03c4-9a4c-453b-a11b-b2d476f99de0.1, currentDir=/Users/danielherzberg/Downloads/test}
17:31:59.851 [INFO] [org.gradle.launcher.daemon.server.DefaultIncomingConnectionHandler] Received command: BuildAndStop{id=221f03c4-9a4c-453b-a11b-b2d476f99de0.1, currentDir=/Users/danielherzberg/Downloads/test}.
17:31:59.852 [DEBUG] [org.gradle.launcher.daemon.server.DefaultIncomingConnectionHandler] Starting executing command: BuildAndStop{id=221f03c4-9a4c-453b-a11b-b2d476f99de0.1, currentDir=/Users/danielherzberg/Downloads/test} with connection: socket connection at /0:0:0:0:0:0:0:1%0:54890 with /0:0:0:0:0:0:0:1%0:54891.
17:31:59.862 [DEBUG] [org.gradle.launcher.daemon.server.DaemonStateCoordinator] onStartCommand(DaemonCommandExecution[command = BuildAndStop{id=221f03c4-9a4c-453b-a11b-b2d476f99de0.1, currentDir=/Users/danielherzberg/Downloads/test}, connection = org.gradle.launcher.daemon.server.DefaultDaemonConnection@83e96cf]) called after 0.0 minutes of idle
17:31:59.863 [INFO] [org.gradle.launcher.daemon.server.DomainRegistryUpdater] Marking the daemon as busy, address: [a687ecbc-69a2-4ddb-ab1f-ff584f8ce696 port:54890, addresses:[/0:0:0:0:0:0:0:1, /127.0.0.1]]
17:31:59.865 [DEBUG] [org.gradle.launcher.daemon.registry.PersistentDaemonRegistry] Marking busy by address: [a687ecbc-69a2-4ddb-ab1f-ff584f8ce696 port:54890, addresses:[/0:0:0:0:0:0:0:1, /127.0.0.1]]
17:31:59.867 [DEBUG] [org.gradle.cache.internal.DefaultFileLockManager] Waiting to acquire exclusive lock on daemon addresses registry.
17:31:59.868 [DEBUG] [org.gradle.cache.internal.DefaultFileLockManager] Lock acquired.
17:31:59.878 [DEBUG] [org.gradle.cache.internal.DefaultFileLockManager] Releasing lock on daemon addresses registry.
17:31:59.879 [DEBUG] [org.gradle.launcher.daemon.server.DaemonStateCoordinator] updating lastActivityAt to 1412461919879
17:31:59.880 [DEBUG] [org.gradle.launcher.daemon.server.DaemonStateCoordinator] Daemon is busy, sleeping until state changes.
17:31:59.880 [INFO] [org.gradle.launcher.daemon.server.exec.StartBuildOrRespondWithBusy] Daemon is about to start building: BuildAndStop{id=221f03c4-9a4c-453b-a11b-b2d476f99de0.1, currentDir=/Users/danielherzberg/Downloads/test}. Dispatching build started information...
17:31:59.882 [DEBUG] [org.gradle.launcher.daemon.server.SynchronizedDispatchConnection] thread 15: dispatching class org.gradle.launcher.daemon.protocol.BuildStarted
17:31:59.889 [DEBUG] [org.gradle.launcher.daemon.server.exec.EstablishBuildEnvironment] Configuring env variables: {OLDPWD=/Users/danielherzberg/Downloads/test, SHELL=/bin/bash, TMPDIR=/var/folders/pd/vc8k_rjj4kg_7p8bbyqzf5xw0000gn/T/, com.apple.java.jvmMode=client, SHLVL=0, __CF_USER_TEXT_ENCODING=0x1F5:0x0:0x0, PATH=/usr/bin:/bin:/usr/sbin:/sbin, APP_NAME_2223=Gradle, XPC_FLAGS=0x0, COMMAND_MODE=unix2003, DISPLAY=/private/tmp/com.apple.launchd.KNB74Yuogx/org.macosforge.xquartz:0, USER=danielherzberg, com.apple.java.jvmTask=CommandLine.java, PWD=/Users/danielherzberg/Downloads/test, JAVA_ARCH=x86_64, HOME=/Users/danielherzberg, JAVA_MAIN_CLASS_2217=com.badlogic.gdx.setup.GdxSetup, XPC_SERVICE_NAME=0, LOGNAME=danielherzberg, JAVA_MAIN_CLASS_2223=org.gradle.wrapper.GradleWrapperMain, Apple_PubSub_Socket_Render=/private/tmp/com.apple.launchd.qcQVGY02lJ/Render, APP_ICON_2223=/Users/danielherzberg/Downloads/test/media/gradle.icns, SSH_AUTH_SOCK=/private/tmp/com.apple.launchd.I2GzMg7hEN/Listeners}
17:31:59.913 [INFO] [org.gradle.launcher.daemon.server.exec.LogToClient] About to start relaying all logs to the client via the connection.
17:31:59.914 [INFO] [org.gradle.launcher.daemon.server.exec.LogToClient] The client will now receive all logging from the daemon (pid: 2279). The daemon log file: /Users/danielherzberg/.gradle/daemon/1.11/daemon-2279.out.log
17:31:59.934 [DEBUG] [org.gradle.launcher.daemon.server.exec.StartStopIfBuildAndStop] Requesting daemon stop after processing BuildAndStop{id=221f03c4-9a4c-453b-a11b-b2d476f99de0.1, currentDir=/Users/danielherzberg/Downloads/test}
17:31:59.935 [DEBUG] [org.gradle.launcher.daemon.server.DaemonStateCoordinator] Stop as soon as idle requested. The daemon is busy: true
17:31:59.937 [DEBUG] [org.gradle.launcher.daemon.server.DaemonStateCoordinator] Daemon is stopping, sleeping until state changes.
17:31:59.947 [INFO] [org.gradle.launcher.daemon.server.exec.ExecuteBuild] Executing build with daemon context: DefaultDaemonContext[uid=d455edeb-892e-407e-bc1f-d815b4952a5d,javaHome=/System/Library/Java/JavaVirtualMachines/1.6.0.jdk/Contents/Home,daemonRegistryDir=/Users/danielherzberg/.gradle/daemon,pid=2279,idleTimeout=120000,daemonOpts=-Xms128m,-Xmx512m,-Dfile.encoding=MacRoman]
Configuration on demand is an incubating feature.
:core:clean UP-TO-DATE
:desktop:clean UP-TO-DATE
:eclipseProject
:eclipse
:core:eclipseClasspath
Download http://repo1.maven.org/maven2/com/badlogicgames/gdx/gdx/1.3.1/gdx-1.3.1.pom
Download http://repo1.maven.org/maven2/com/badlogicgames/gdx/gdx-parent/1.3.1/gdx-parent-1.3.1.pom
Download http://repo1.maven.org/maven2/org/sonatype/oss/oss-parent/5/oss-parent-5.pom
Download http://repo1.maven.org/maven2/com/badlogicgames/gdx/gdx-box2d/1.3.1/gdx-box2d-1.3.1.pom
Download http://repo1.maven.org/maven2/com/badlogicgames/gdx/gdx-box2d-parent/1.3.1/gdx-box2d-parent-1.3.1.pom
Download http://repo1.maven.org/maven2/com/badlogicgames/gdx/gdx-box2d/1.3.1/gdx-box2d-1.3.1-sources.jar
Download http://repo1.maven.org/maven2/com/badlogicgames/gdx/gdx/1.3.1/gdx-1.3.1-sources.jar
Download http://repo1.maven.org/maven2/com/badlogicgames/gdx/gdx/1.3.1/gdx-1.3.1.jar
Download http://repo1.maven.org/maven2/com/badlogicgames/gdx/gdx-box2d/1.3.1/gdx-box2d-1.3.1.jar
:core:eclipseJdt
:core:eclipseProject
:core:eclipse
:desktop:eclipseClasspath
Download http://repo1.maven.org/maven2/com/badlogicgames/gdx/gdx-backend-lwjgl/1.3.1/gdx-backend-lwjgl-1.3.1.pom
Download http://repo1.maven.org/maven2/com/badlogicgames/gdx/gdx-platform/1.3.1/gdx-platform-1.3.1.pom
Download http://repo1.maven.org/maven2/com/badlogicgames/gdx/gdx-box2d-platform/1.3.1/gdx-box2d-platform-1.3.1.pom
Download http://repo1.maven.org/maven2/org/lwjgl/lwjgl/lwjgl/2.9.1/lwjgl-2.9.1.pom
Download http://repo1.maven.org/maven2/org/lwjgl/lwjgl/parent/2.9.1/parent-2.9.1.pom
Download http://repo1.maven.org/maven2/org/lwjgl/lwjgl/lwjgl_util/2.9.1/lwjgl_util-2.9.1.pom
Download http://repo1.maven.org/maven2/com/badlogicgames/jlayer/jlayer/1.0.1-gdx/jlayer-1.0.1-gdx.pom
Download http://repo1.maven.org/maven2/org/sonatype/oss/oss-parent/7/oss-parent-7.pom
Download http://repo1.maven.org/maven2/org/jcraft/jorbis/0.0.17/jorbis-0.0.17.pom
Download http://repo1.maven.org/maven2/org/lwjgl/lwjgl/lwjgl-platform/2.9.1/lwjgl-platform-2.9.1.pom
Download http://repo1.maven.org/maven2/net/java/jinput/jinput/2.0.5/jinput-2.0.5.pom
Download http://repo1.maven.org/maven2/net/java/jutils/jutils/1.0.0/jutils-1.0.0.pom
Download http://repo1.maven.org/maven2/net/java/jinput/jinput-platform/2.0.5/jinput-platform-2.0.5.pom
Download http://repo1.maven.org/maven2/com/badlogicgames/jlayer/jlayer/1.0.1-gdx/jlayer-1.0.1-gdx-sources.jar
Download http://repo1.maven.org/maven2/net/java/jutils/jutils/1.0.0/jutils-1.0.0-sources.jar
Download http://repo1.maven.org/maven2/org/lwjgl/lwjgl/lwjgl/2.9.1/lwjgl-2.9.1-sources.jar
Download http://repo1.maven.org/maven2/org/lwjgl/lwjgl/lwjgl_util/2.9.1/lwjgl_util-2.9.1-sources.jar
Download http://repo1.maven.org/maven2/net/java/jinput/jinput/2.0.5/jinput-2.0.5-sources.jar
Download http://repo1.maven.org/maven2/com/badlogicgames/gdx/gdx-backend-lwjgl/1.3.1/gdx-backend-lwjgl-1.3.1-sources.jar
Download http://repo1.maven.org/maven2/org/jcraft/jorbis/0.0.17/jorbis-0.0.17-sources.jar
Download http://repo1.maven.org/maven2/com/badlogicgames/gdx/gdx-backend-lwjgl/1.3.1/gdx-backend-lwjgl-1.3.1.jar
Download http://repo1.maven.org/maven2/com/badlogicgames/gdx/gdx-platform/1.3.1/gdx-platform-1.3.1-natives-desktop.jar
Download http://repo1.maven.org/maven2/com/badlogicgames/gdx/gdx-box2d-platform/1.3.1/gdx-box2d-platform-1.3.1-natives-desktop.jar
Download http://repo1.maven.org/maven2/org/lwjgl/lwjgl/lwjgl-platform/2.9.1/lwjgl-platform-2.9.1-natives-linux.jar
Download http://repo1.maven.org/maven2/org/lwjgl/lwjgl/lwjgl-platform/2.9.1/lwjgl-platform-2.9.1-natives-osx.jar
Download http://repo1.maven.org/maven2/org/lwjgl/lwjgl/lwjgl-platform/2.9.1/lwjgl-platform-2.9.1-natives-windows.jar
Download http://repo1.maven.org/maven2/net/java/jutils/jutils/1.0.0/jutils-1.0.0.jar
Download http://repo1.maven.org/maven2/net/java/jinput/jinput/2.0.5/jinput-2.0.5.jar
Download http://repo1.maven.org/maven2/org/lwjgl/lwjgl/lwjgl/2.9.1/lwjgl-2.9.1.jar
Download http://repo1.maven.org/maven2/net/java/jinput/jinput-platform/2.0.5/jinput-platform-2.0.5-natives-linux.jar
Download http://repo1.maven.org/maven2/net/java/jinput/jinput-platform/2.0.5/jinput-platform-2.0.5-natives-osx.jar
Download http://repo1.maven.org/maven2/net/java/jinput/jinput-platform/2.0.5/jinput-platform-2.0.5-natives-windows.jar
Download http://repo1.maven.org/maven2/org/lwjgl/lwjgl/lwjgl_util/2.9.1/lwjgl_util-2.9.1.jar
Download http://repo1.maven.org/maven2/com/badlogicgames/jlayer/jlayer/1.0.1-gdx/jlayer-1.0.1-gdx.jar
Download http://repo1.maven.org/maven2/org/jcraft/jorbis/0.0.17/jorbis-0.0.17.jar
:desktop:eclipseJdt
:desktop:eclipseProject
:desktop:eclipse
:desktop:afterEclipseImport

BUILD SUCCESSFUL

Total time: 5 mins 19.675 secs
17:32:53.544 [DEBUG] [org.gradle.launcher.daemon.server.exec.ExecuteBuild] The daemon has finished executing the build.
17:32:53.545 [DEBUG] [org.gradle.launcher.daemon.server.exec.ReturnResult] Daemon is dispatching the build result: DaemonCommandResult[type=Success, value=null]
17:32:53.548 [DEBUG] [org.gradle.launcher.daemon.server.SynchronizedDispatchConnection] thread 15: dispatching class org.gradle.launcher.daemon.protocol.Success
17:32:53.558 [DEBUG] [org.gradle.launcher.daemon.server.SynchronizedDispatchConnection] thread 16: received class org.gradle.launcher.daemon.protocol.CloseInput
17:32:53.560 [DEBUG] [org.gradle.launcher.daemon.server.DefaultDaemonConnection] Received IO message from client: CloseInput[id=221f03c4-9a4c-453b-a11b-b2d476f99de0.2]
17:32:53.561 [DEBUG] [org.gradle.launcher.daemon.server.SynchronizedDispatchConnection] thread 16: received class org.gradle.launcher.daemon.protocol.Finished
17:32:53.562 [DEBUG] [org.gradle.launcher.daemon.server.DefaultDaemonConnection] Received non-IO message from client: org.gradle.launcher.daemon.protocol.Finished@2902a840
17:32:53.566 [DEBUG] [org.gradle.launcher.daemon.server.DaemonStateCoordinator] onFinishCommand() called while execution = DaemonCommandExecution[command = BuildAndStop{id=221f03c4-9a4c-453b-a11b-b2d476f99de0.1, currentDir=/Users/danielherzberg/Downloads/test}, connection = org.gradle.launcher.daemon.server.DefaultDaemonConnection@83e96cf]
17:32:53.567 [DEBUG] [org.gradle.launcher.daemon.server.DaemonStateCoordinator] updating lastActivityAt to 1412461973567
17:32:53.567 [DEBUG] [org.gradle.launcher.daemon.server.DaemonStateCoordinator] Stop requested. The daemon is running a build: false
17:32:53.946 [DEBUG] [org.gradle.launcher.daemon.server.SynchronizedDispatchConnection] thread 16: received null
17:32:53.948 [DEBUG] [org.gradle.launcher.daemon.server.DefaultDaemonConnection] Received end-of-input from client.
17:32:53.949 [DEBUG] [org.gradle.launcher.daemon.server.DaemonStateCoordinator] Daemon has stopped.
17:32:53.950 [DEBUG] [org.gradle.launcher.daemon.server.Daemon] stop() called on daemon
17:32:53.950 [INFO] [org.gradle.launcher.daemon.server.Daemon] Stop requested. Daemon is removing its presence from the registry...
17:32:53.951 [DEBUG] [org.gradle.launcher.daemon.server.DaemonStateCoordinator] Stop requested. The daemon is running a build: false
17:32:53.951 [DEBUG] [org.gradle.launcher.daemon.server.DomainRegistryUpdater] Removing our presence to clients, eg. removing this address from the registry: [a687ecbc-69a2-4ddb-ab1f-ff584f8ce696 port:54890, addresses:[/0:0:0:0:0:0:0:1, /127.0.0.1]]
17:32:53.952 [DEBUG] [org.gradle.launcher.daemon.registry.PersistentDaemonRegistry] Removing daemon address: [a687ecbc-69a2-4ddb-ab1f-ff584f8ce696 port:54890, addresses:[/0:0:0:0:0:0:0:1, /127.0.0.1]]
17:32:53.953 [DEBUG] [org.gradle.cache.internal.DefaultFileLockManager] Waiting to acquire exclusive lock on daemon addresses registry.
17:32:53.954 [DEBUG] [org.gradle.cache.internal.DefaultFileLockManager] Lock acquired.
17:32:53.954 [DEBUG] [org.apache.http.impl.conn.PoolingClientConnectionManager] Connection manager is shutting down
17:32:53.956 [DEBUG] [org.apache.http.impl.conn.DefaultClientConnection] Connection 0.0.0.0:54915<->23.235.40.209:80 closed
17:32:53.956 [DEBUG] [org.apache.http.impl.conn.DefaultClientConnection] Connection 0.0.0.0:54915<->23.235.40.209:80 closed
17:32:53.957 [DEBUG] [org.apache.http.impl.conn.PoolingClientConnectionManager] Connection manager shut down
17:32:53.958 [DEBUG] [org.apache.http.impl.conn.PoolingClientConnectionManager] Connection manager is shutting down
17:32:53.958 [DEBUG] [org.apache.http.impl.conn.DefaultClientConnection] Connection 0.0.0.0:54904<->23.235.40.209:80 closed
17:32:53.959 [DEBUG] [org.apache.http.impl.conn.DefaultClientConnection] Connection 0.0.0.0:54904<->23.235.40.209:80 closed
17:32:53.959 [DEBUG] [org.apache.http.impl.conn.PoolingClientConnectionManager] Connection manager shut down
17:32:53.959 [DEBUG] [org.apache.http.impl.conn.PoolingClientConnectionManager] Connection manager is shutting down
17:32:53.960 [DEBUG] [org.apache.http.impl.conn.DefaultClientConnection] Connection 0.0.0.0:54893<->23.235.40.209:80 closed
17:32:53.960 [DEBUG] [org.apache.http.impl.conn.DefaultClientConnection] Connection 0.0.0.0:54893<->23.235.40.209:80 closed
17:32:53.961 [DEBUG] [org.apache.http.impl.conn.PoolingClientConnectionManager] Connection manager shut down
17:32:53.954 [DEBUG] [org.gradle.launcher.daemon.server.DefaultIncomingConnectionHandler] Finishing executing command: BuildAndStop{id=221f03c4-9a4c-453b-a11b-b2d476f99de0.1, currentDir=/Users/danielherzberg/Downloads/test}
17:32:53.958 [DEBUG] [org.gradle.cache.internal.DefaultFileLockManager] Releasing lock on daemon addresses registry.
17:32:53.963 [DEBUG] [org.gradle.launcher.daemon.server.DefaultIncomingConnectionHandler] Received finished message: null
17:32:53.963 [DEBUG] [org.gradle.launcher.daemon.server.DomainRegistryUpdater] Address removed from registry.
17:32:53.964 [DEBUG] [org.gradle.launcher.daemon.server.SynchronizedDispatchConnection] thread 15: stopping connection
17:32:53.968 [DEBUG] [org.gradle.launcher.daemon.server.SynchronizedDispatchConnection] thread 15: stopping connection
17:32:53.971 [ERROR] [system.err] 
17:32:53.971 [ERROR] [system.err] FAILURE: Build failed with an exception.
17:32:53.972 [ERROR] [system.err] 
17:32:53.972 [ERROR] [system.err] * What went wrong:
17:32:53.973 [ERROR] [system.err] daemon explicitly stopped while idle
17:32:53.973 [ERROR] [system.err] 
17:32:53.974 [ERROR] [system.err] * Try:
17:32:53.974 [ERROR] [system.err] Run with --stacktrace option to get the stack trace. Run with --info or --debug option to get more log output.
17:32:53.977 [DEBUGDaemon vm is shutting down... The daemon has exited normally or was terminated in response to a user interrupt.
] [org.gradle.launcher.daemon.registry.PersistentDaemonRegistry] Removing daemon address: [a687ecbc-69a2-4ddb-ab1f-ff584f8ce696 port:54890, addresses:[/0:0:0:0:0:0:0:1, /127.0.0.1]]
17:32:53.977 [INFO] [org.gradle.launcher.daemon.bootstrap.DaemonMain] Daemon[pid = 2279] process has finished.
17:32:53.977 [DEBUG] [org.gradle.cache.internal.DefaultFileLockManager] Waiting to acquire exclusive lock on daemon addresses registry.
17:32:53.978 [DEBUG] [org.gradle.cache.internal.DefaultFileLockManager] Lock acquired.
17:32:53.979 [DEBUG] [org.gradle.cache.internal.DefaultFileLockManager] Releasing lock on daemon addresses registry.
